#
# A fatal error has been detected by the Java Runtime Environment:
#
#  EXCEPTION_ACCESS_VIOLATION (0xc0000005) at pc=0x00007fffb2720f26, pid=19020, tid=0x0000000000001fec
#
# JRE version: Java(TM) SE Runtime Environment (8.0_172-b11) (build 1.8.0_172-b11)
# Java VM: Java HotSpot(TM) 64-Bit Server VM (25.172-b11 mixed mode windows-amd64 compressed oops)
# Problematic frame:
# C  [ig9icd64.dll+0x500f26]
#
# Failed to write core dump. Minidumps are not enabled by default on client versions of Windows
#
# If you would like to submit a bug report, please visit:
#   http://bugreport.java.com/bugreport/crash.jsp
# The crash happened outside the Java Virtual Machine in native code.
# See problematic frame for where to report the bug.
#

---------------  T H R E A D  ---------------

Current thread (0x00000000003ad000):  JavaThread "main" [_thread_in_native, id=8172, stack(0x0000000002550000,0x0000000002650000)]

siginfo: ExceptionCode=0xc0000005, reading address 0x0000000000000028

Registers:
RAX=0x0000000000000000, RBX=0x00000000265b72c0, RCX=0x00000000265b72c0, RDX=0x000000001e439f40
RSP=0x000000000264ecc0, RBP=0x000000001e439f40, RSI=0x0000000000000000, RDI=0x0000000000000000
R8 =0x00000000266c1bb0, R9 =0x0000000000000005, R10=0x0000000000000000, R11=0x00000000266c1bb0
R12=0x000000002862d2f8, R13=0x00000000266c1b00, R14=0x0000000000000000, R15=0x00000000007e0a60
RIP=0x00007fffb2720f26, EFLAGS=0x0000000000010206

Top of Stack: (sp=0x000000000264ecc0)
0x000000000264ecc0:   000000000264ee60 00000000003ad6e0
0x000000000264ecd0:   00000000196b5901 000000000264ee60
0x000000000264ece0:   0000000000000000 00007fffb277e591
0x000000000264ecf0:   00000000287400b0 0000000000000000
0x000000000264ed00:   00000000265b72c0 00000000003ad000
0x000000000264ed10:   0000000000000000 0000000000000000
0x000000000264ed20:   000073cd00000000 000000000000000a
0x000000000264ed30:   00000000003ad000 000000000264ef40
0x000000000264ed40:   000000001e439f40 0000000000000000
0x000000000264ed50:   000000000275835d 00007fffb23fd22f
0x000000000264ed60:   00000000287400b0 000000001e439f40
0x000000000264ed70:   000000000264ef10 00000000197ca4a0
0x000000000264ed80:   00000000003ad000 000000000264ef40
0x000000000264ed90:   0000000028c93fe0 0000000000000000
0x000000000264eda0:   00000000286d8040 000000007603ccd7
0x000000000264edb0:   000000000264ee60 00007ffffd361fe0 

Instructions: (pc=0x00007fffb2720f26)
0x00007fffb2720f06:   89 6c 24 10 48 89 74 24 18 57 48 83 ec 20 49 8b
0x00007fffb2720f16:   70 30 4d 8b d8 44 8b 54 24 60 48 8b ea 48 8b d9
0x00007fffb2720f26:   48 8b 7e 28 45 85 d2 75 26 45 8b 50 14 45 85 d2
0x00007fffb2720f36:   75 1d 48 8b 47 20 4c 8b 40 08 45 8b 90 10 05 00 


Register to memory mapping:

RAX=0x0000000000000000 is an unknown value
RBX=0x00000000265b72c0 is an unknown value
RCX=0x00000000265b72c0 is an unknown value
RDX=0x000000001e439f40 is an unknown value
RSP=0x000000000264ecc0 is pointing into the stack for thread: 0x00000000003ad000
RBP=0x000000001e439f40 is an unknown value
RSI=0x0000000000000000 is an unknown value
RDI=0x0000000000000000 is an unknown value
R8 =0x00000000266c1bb0 is an unknown value
R9 =0x0000000000000005 is an unknown value
R10=0x0000000000000000 is an unknown value
R11=0x00000000266c1bb0 is an unknown value
R12=0x000000002862d2f8 is an unknown value
R13=0x00000000266c1b00 is an unknown value
R14=0x0000000000000000 is an unknown value
R15=0x00000000007e0a60 is an unknown value


Stack: [0x0000000002550000,0x0000000002650000],  sp=0x000000000264ecc0,  free space=1019k
Native frames: (J=compiled Java code, j=interpreted, Vv=VM code, C=native code)
C  [ig9icd64.dll+0x500f26]
C  [ig9icd64.dll+0x55e591]
C  [ig9icd64.dll+0x1dd22f]
C  [ig9icd64.dll+0x498ed7]
C  [ig9icd64.dll+0x4983c4]
C  0x0000000002768c67

Java frames: (J=compiled Java code, j=interpreted, Vv=VM code)
j  org.lwjgl.opengl.GL43C.glDispatchCompute(III)V+0
j  org.lwjgl.opengl.GL43.glDispatchCompute(III)V+3
j  Terrain.SimplexComputeBuffer.useProgram(III)[F+106
j  Terrain.Terrain.<init>(FFLRender/Loader;)V+220
j  Engine.Main.init()V+170
j  Engine.Main.run()V+1
j  java.lang.Thread.run()V+11
j  Engine.Main.start()V+16
j  Engine.Main.main([Ljava/lang/String;)V+7
v  ~StubRoutines::call_stub

---------------  P R O C E S S  ---------------

Java Threads: ( => current thread )
  0x000000001b3c4800 JavaThread "Java2D Disposer" daemon [_thread_blocked, id=3732, stack(0x0000000028f30000,0x0000000029030000)]
  0x000000001965f800 JavaThread "Service Thread" daemon [_thread_blocked, id=17552, stack(0x000000001a1a0000,0x000000001a2a0000)]
  0x00000000195d6800 JavaThread "C1 CompilerThread3" daemon [_thread_blocked, id=1440, stack(0x000000001a0a0000,0x000000001a1a0000)]
  0x00000000195d2800 JavaThread "C2 CompilerThread2" daemon [_thread_in_native, id=18660, stack(0x0000000019fa0000,0x000000001a0a0000)]
  0x00000000195ce800 JavaThread "C2 CompilerThread1" daemon [_thread_blocked, id=16504, stack(0x0000000019ea0000,0x0000000019fa0000)]
  0x00000000195c8800 JavaThread "C2 CompilerThread0" daemon [_thread_in_native, id=18776, stack(0x0000000019da0000,0x0000000019ea0000)]
  0x00000000195c6800 JavaThread "Attach Listener" daemon [_thread_blocked, id=9468, stack(0x0000000019ca0000,0x0000000019da0000)]
  0x00000000195c5800 JavaThread "Signal Dispatcher" daemon [_thread_blocked, id=10452, stack(0x0000000019ba0000,0x0000000019ca0000)]
  0x00000000195b0800 JavaThread "Finalizer" daemon [_thread_blocked, id=17912, stack(0x0000000019990000,0x0000000019a90000)]
  0x00000000176c3800 JavaThread "Reference Handler" daemon [_thread_blocked, id=20004, stack(0x0000000019490000,0x0000000019590000)]
=>0x00000000003ad000 JavaThread "main" [_thread_in_native, id=8172, stack(0x0000000002550000,0x0000000002650000)]

Other Threads:
  0x00000000176bb800 VMThread [stack: 0x0000000019390000,0x0000000019490000] [id=6560]
  0x00000000196b3000 WatcherThread [stack: 0x000000001a2a0000,0x000000001a3a0000] [id=8700]

VM state:not at safepoint (normal execution)

VM Mutex/Monitor currently owned by a thread: None

Heap:
 PSYoungGen      total 68608K, used 22018K [0x00000000d6000000, 0x00000000daa00000, 0x0000000100000000)
  eden space 63488K, 26% used [0x00000000d6000000,0x00000000d7080900,0x00000000d9e00000)
  from space 5120K, 100% used [0x00000000da500000,0x00000000daa00000,0x00000000daa00000)
  to   space 5120K, 0% used [0x00000000da000000,0x00000000da000000,0x00000000da500000)
 ParOldGen       total 151040K, used 95109K [0x0000000082000000, 0x000000008b380000, 0x00000000d6000000)
  object space 151040K, 62% used [0x0000000082000000,0x0000000087ce1728,0x000000008b380000)
 Metaspace       used 10594K, capacity 10793K, committed 11008K, reserved 1058816K
  class space    used 890K, capacity 969K, committed 1024K, reserved 1048576K

Card table byte_map: [0x0000000011b10000,0x0000000011f10000] byte_map_base: 0x0000000011700000

Marking Bits: (ParMarkBitMap*) 0x0000000076683c10
 Begin Bits: [0x00000000129b0000, 0x0000000014930000)
 End Bits:   [0x0000000014930000, 0x00000000168b0000)

Polling page: 0x0000000000720000

CodeCache: size=245760Kb used=3603Kb max_used=3611Kb free=242156Kb
 bounds [0x0000000002750000, 0x0000000002ae0000, 0x0000000011750000]
 total_blobs=1753 nmethods=841 adapters=825
 compilation: enabled

Compilation events (10 events):
Event: 1.971 Thread 0x00000000195d6800  839       3       java.nio.DirectByteBuffer::put (17 bytes)
Event: 1.972 Thread 0x00000000195d6800 nmethod 839 0x0000000002accd10 code [0x0000000002accea0, 0x0000000002acd248]
Event: 1.972 Thread 0x00000000195d6800  836       3       java.awt.image.ComponentColorModel::extractComponent (530 bytes)
Event: 1.973 Thread 0x00000000195d6800 nmethod 836 0x0000000002acd410 code [0x0000000002acd780, 0x0000000002aceef8]
Event: 2.111 Thread 0x00000000195ce800 nmethod 813 0x0000000002ad51d0 code [0x0000000002ad5400, 0x0000000002ad7358]
Event: 2.137 Thread 0x00000000195d6800  841   !   3       sun.misc.URLClassPath$FileLoader::getResource (164 bytes)
Event: 2.139 Thread 0x00000000195d6800 nmethod 841 0x0000000002ad2790 code [0x0000000002ad2ac0, 0x0000000002ad4308]
Event: 2.146 Thread 0x00000000195d6800  842       3       java.util.zip.ZipEntry::getSize (5 bytes)
Event: 2.146 Thread 0x00000000195d6800 nmethod 842 0x0000000002ad2490 code [0x0000000002ad25e0, 0x0000000002ad2730]
Event: 2.149 Thread 0x00000000195d2800  843  s!   4       sun.misc.URLClassPath::getLoader (243 bytes)

GC Heap History (10 events):
Event: 1.852 GC heap before
{Heap before GC invocations=1 (full 0):
 PSYoungGen      total 37888K, used 32768K [0x00000000d6000000, 0x00000000d8a00000, 0x0000000100000000)
  eden space 32768K, 100% used [0x00000000d6000000,0x00000000d8000000,0x00000000d8000000)
  from space 5120K, 0% used [0x00000000d8500000,0x00000000d8500000,0x00000000d8a00000)
  to   space 5120K, 0% used [0x00000000d8000000,0x00000000d8000000,0x00000000d8500000)
 ParOldGen       total 86016K, used 0K [0x0000000082000000, 0x0000000087400000, 0x00000000d6000000)
  object space 86016K, 0% used [0x0000000082000000,0x0000000082000000,0x0000000087400000)
 Metaspace       used 9051K, capacity 9253K, committed 9344K, reserved 1058816K
  class space    used 753K, capacity 839K, committed 896K, reserved 1048576K
Event: 1.859 GC heap after
Heap after GC invocations=1 (full 0):
 PSYoungGen      total 37888K, used 4834K [0x00000000d6000000, 0x00000000d8a00000, 0x0000000100000000)
  eden space 32768K, 0% used [0x00000000d6000000,0x00000000d6000000,0x00000000d8000000)
  from space 5120K, 94% used [0x00000000d8000000,0x00000000d84b8a70,0x00000000d8500000)
  to   space 5120K, 0% used [0x00000000d8500000,0x00000000d8500000,0x00000000d8a00000)
 ParOldGen       total 86016K, used 16K [0x0000000082000000, 0x0000000087400000, 0x00000000d6000000)
  object space 86016K, 0% used [0x0000000082000000,0x0000000082004000,0x0000000087400000)
 Metaspace       used 9051K, capacity 9253K, committed 9344K, reserved 1058816K
  class space    used 753K, capacity 839K, committed 896K, reserved 1048576K
}
Event: 1.991 GC heap before
{Heap before GC invocations=2 (full 0):
 PSYoungGen      total 37888K, used 37602K [0x00000000d6000000, 0x00000000d8a00000, 0x0000000100000000)
  eden space 32768K, 100% used [0x00000000d6000000,0x00000000d8000000,0x00000000d8000000)
  from space 5120K, 94% used [0x00000000d8000000,0x00000000d84b8a70,0x00000000d8500000)
  to   space 5120K, 0% used [0x00000000d8500000,0x00000000d8500000,0x00000000d8a00000)
 ParOldGen       total 86016K, used 16K [0x0000000082000000, 0x0000000087400000, 0x00000000d6000000)
  object space 86016K, 0% used [0x0000000082000000,0x0000000082004000,0x0000000087400000)
 Metaspace       used 10333K, capacity 10537K, committed 10752K, reserved 1058816K
  class space    used 885K, capacity 969K, committed 1024K, reserved 1048576K
Event: 2.027 GC heap after
Heap after GC invocations=2 (full 0):
 PSYoungGen      total 37888K, used 5088K [0x00000000d6000000, 0x00000000daa00000, 0x0000000100000000)
  eden space 32768K, 0% used [0x00000000d6000000,0x00000000d6000000,0x00000000d8000000)
  from space 5120K, 99% used [0x00000000d8500000,0x00000000d89f81d8,0x00000000d8a00000)
  to   space 5120K, 0% used [0x00000000d8000000,0x00000000d8000000,0x00000000d8500000)
 ParOldGen       total 86016K, used 29500K [0x0000000082000000, 0x0000000087400000, 0x00000000d6000000)
  object space 86016K, 34% used [0x0000000082000000,0x0000000083ccf080,0x0000000087400000)
 Metaspace       used 10333K, capacity 10537K, committed 10752K, reserved 1058816K
  class space    used 885K, capacity 969K, committed 1024K, reserved 1048576K
}
Event: 2.035 GC heap before
{Heap before GC invocations=3 (full 0):
 PSYoungGen      total 37888K, used 37856K [0x00000000d6000000, 0x00000000daa00000, 0x0000000100000000)
  eden space 32768K, 100% used [0x00000000d6000000,0x00000000d8000000,0x00000000d8000000)
  from space 5120K, 99% used [0x00000000d8500000,0x00000000d89f81d8,0x00000000d8a00000)
  to   space 5120K, 0% used [0x00000000d8000000,0x00000000d8000000,0x00000000d8500000)
 ParOldGen       total 86016K, used 29500K [0x0000000082000000, 0x0000000087400000, 0x00000000d6000000)
  object space 86016K, 34% used [0x0000000082000000,0x0000000083ccf080,0x0000000087400000)
 Metaspace       used 10333K, capacity 10537K, committed 10752K, reserved 1058816K
  class space    used 885K, capacity 969K, committed 1024K, reserved 1048576K
Event: 2.060 GC heap after
Heap after GC invocations=3 (full 0):
 PSYoungGen      total 37888K, used 5106K [0x00000000d6000000, 0x00000000daa00000, 0x0000000100000000)
  eden space 32768K, 0% used [0x00000000d6000000,0x00000000d6000000,0x00000000d8000000)
  from space 5120K, 99% used [0x00000000d8000000,0x00000000d84fc8a8,0x00000000d8500000)
  to   space 5120K, 0% used [0x00000000da500000,0x00000000da500000,0x00000000daa00000)
 ParOldGen       total 86016K, used 65988K [0x0000000082000000, 0x0000000087400000, 0x00000000d6000000)
  object space 86016K, 76% used [0x0000000082000000,0x0000000086071080,0x0000000087400000)
 Metaspace       used 10333K, capacity 10537K, committed 10752K, reserved 1058816K
  class space    used 885K, capacity 969K, committed 1024K, reserved 1048576K
}
Event: 2.060 GC heap before
{Heap before GC invocations=4 (full 1):
 PSYoungGen      total 37888K, used 5106K [0x00000000d6000000, 0x00000000daa00000, 0x0000000100000000)
  eden space 32768K, 0% used [0x00000000d6000000,0x00000000d6000000,0x00000000d8000000)
  from space 5120K, 99% used [0x00000000d8000000,0x00000000d84fc8a8,0x00000000d8500000)
  to   space 5120K, 0% used [0x00000000da500000,0x00000000da500000,0x00000000daa00000)
 ParOldGen       total 86016K, used 65988K [0x0000000082000000, 0x0000000087400000, 0x00000000d6000000)
  object space 86016K, 76% used [0x0000000082000000,0x0000000086071080,0x0000000087400000)
 Metaspace       used 10333K, capacity 10537K, committed 10752K, reserved 1058816K
  class space    used 885K, capacity 969K, committed 1024K, reserved 1048576K
Event: 2.107 GC heap after
Heap after GC invocations=4 (full 1):
 PSYoungGen      total 37888K, used 0K [0x00000000d6000000, 0x00000000daa00000, 0x0000000100000000)
  eden space 32768K, 0% used [0x00000000d6000000,0x00000000d6000000,0x00000000d8000000)
  from space 5120K, 0% used [0x00000000d8000000,0x00000000d8000000,0x00000000d8500000)
  to   space 5120K, 0% used [0x00000000da500000,0x00000000da500000,0x00000000daa00000)
 ParOldGen       total 151040K, used 64125K [0x0000000082000000, 0x000000008b380000, 0x00000000d6000000)
  object space 151040K, 42% used [0x0000000082000000,0x0000000085e9f728,0x000000008b380000)
 Metaspace       used 10333K, capacity 10537K, committed 10752K, reserved 1058816K
  class space    used 885K, capacity 969K, committed 1024K, reserved 1048576K
}
Event: 2.114 GC heap before
{Heap before GC invocations=5 (full 1):
 PSYoungGen      total 37888K, used 32768K [0x00000000d6000000, 0x00000000daa00000, 0x0000000100000000)
  eden space 32768K, 100% used [0x00000000d6000000,0x00000000d8000000,0x00000000d8000000)
  from space 5120K, 0% used [0x00000000d8000000,0x00000000d8000000,0x00000000d8500000)
  to   space 5120K, 0% used [0x00000000da500000,0x00000000da500000,0x00000000daa00000)
 ParOldGen       total 151040K, used 64125K [0x0000000082000000, 0x000000008b380000, 0x00000000d6000000)
  object space 151040K, 42% used [0x0000000082000000,0x0000000085e9f728,0x000000008b380000)
 Metaspace       used 10333K, capacity 10537K, committed 10752K, reserved 1058816K
  class space    used 885K, capacity 969K, committed 1024K, reserved 1048576K
Event: 2.135 GC heap after
Heap after GC invocations=5 (full 1):
 PSYoungGen      total 68608K, used 5120K [0x00000000d6000000, 0x00000000daa00000, 0x0000000100000000)
  eden space 63488K, 0% used [0x00000000d6000000,0x00000000d6000000,0x00000000d9e00000)
  from space 5120K, 100% used [0x00000000da500000,0x00000000daa00000,0x00000000daa00000)
  to   space 5120K, 0% used [0x00000000da000000,0x00000000da000000,0x00000000da500000)
 ParOldGen       total 151040K, used 95109K [0x0000000082000000, 0x000000008b380000, 0x00000000d6000000)
  object space 151040K, 62% used [0x0000000082000000,0x0000000087ce1728,0x000000008b380000)
 Metaspace       used 10333K, capacity 10537K, committed 10752K, reserved 1058816K
  class space    used 885K, capacity 969K, committed 1024K, reserved 1048576K
}

Deoptimization events (5 events):
Event: 0.199 Thread 0x00000000003ad000 Uncommon trap: reason=unstable_if action=reinterpret pc=0x00000000028646e0 method=java.lang.String.hashCode()I @ 14
Event: 0.358 Thread 0x00000000003ad000 Uncommon trap: reason=unstable_if action=reinterpret pc=0x00000000028f201c method=java.lang.String.indexOf([CII[CIII)I @ 134
Event: 1.663 Thread 0x00000000003ad000 Uncommon trap: reason=unstable_if action=reinterpret pc=0x0000000002a17ac0 method=java.io.WinNTFileSystem.normalize(Ljava/lang/String;II)Ljava/lang/String; @ 8
Event: 1.679 Thread 0x00000000003ad000 Uncommon trap: reason=unstable_if action=reinterpret pc=0x0000000002a01fe0 method=java.io.WinNTFileSystem.normalize(Ljava/lang/String;II)Ljava/lang/String; @ 8
Event: 1.682 Thread 0x00000000003ad000 Uncommon trap: reason=unstable_if action=reinterpret pc=0x0000000002960748 method=java.io.BufferedReader.readLine(Z)Ljava/lang/String; @ 66

Classes redefined (0 events):
No events

Internal exceptions (10 events):
Event: 0.443 Thread 0x00000000003ad000 Exception <a 'sun/nio/fs/WindowsException'> (0x00000000d66390d0) thrown at [C:\re\workspace\8-2-build-windows-amd64-cygwin\jdk8u172\10810\hotspot\src\share\vm\prims\jni.cpp, line 709]
Event: 0.637 Thread 0x00000000003ad000 Exception <a 'sun/nio/fs/WindowsException'> (0x00000000d6d170a8) thrown at [C:\re\workspace\8-2-build-windows-amd64-cygwin\jdk8u172\10810\hotspot\src\share\vm\prims\jni.cpp, line 709]
Event: 0.638 Thread 0x00000000003ad000 Exception <a 'sun/nio/fs/WindowsException'> (0x00000000d6d17798) thrown at [C:\re\workspace\8-2-build-windows-amd64-cygwin\jdk8u172\10810\hotspot\src\share\vm\prims\jni.cpp, line 709]
Event: 0.802 Thread 0x00000000003ad000 Exception <a 'sun/nio/fs/WindowsException'> (0x00000000d6e65610) thrown at [C:\re\workspace\8-2-build-windows-amd64-cygwin\jdk8u172\10810\hotspot\src\share\vm\prims\jni.cpp, line 709]
Event: 0.802 Thread 0x00000000003ad000 Exception <a 'sun/nio/fs/WindowsException'> (0x00000000d6e65d50) thrown at [C:\re\workspace\8-2-build-windows-amd64-cygwin\jdk8u172\10810\hotspot\src\share\vm\prims\jni.cpp, line 709]
Event: 1.177 Thread 0x00000000003ad000 Exception <a 'sun/nio/fs/WindowsException'> (0x00000000d6f19128) thrown at [C:\re\workspace\8-2-build-windows-amd64-cygwin\jdk8u172\10810\hotspot\src\share\vm\prims\jni.cpp, line 709]
Event: 1.177 Thread 0x00000000003ad000 Exception <a 'sun/nio/fs/WindowsException'> (0x00000000d6f19880) thrown at [C:\re\workspace\8-2-build-windows-amd64-cygwin\jdk8u172\10810\hotspot\src\share\vm\prims\jni.cpp, line 709]
Event: 1.183 Thread 0x00000000003ad000 Exception <a 'sun/nio/fs/WindowsException'> (0x00000000d6f477c0) thrown at [C:\re\workspace\8-2-build-windows-amd64-cygwin\jdk8u172\10810\hotspot\src\share\vm\prims\jni.cpp, line 709]
Event: 1.183 Thread 0x00000000003ad000 Exception <a 'sun/nio/fs/WindowsException'> (0x00000000d6f47dc8) thrown at [C:\re\workspace\8-2-build-windows-amd64-cygwin\jdk8u172\10810\hotspot\src\share\vm\prims\jni.cpp, line 709]
Event: 1.910 Thread 0x00000000003ad000 Exception <a 'java/io/FileNotFoundException'> (0x00000000d6330538) thrown at [C:\re\workspace\8-2-build-windows-amd64-cygwin\jdk8u172\10810\hotspot\src\share\vm\prims\jni.cpp, line 709]

Events (10 events):
Event: 2.146 loading class org/lwjgl/opengl/GL41C
Event: 2.146 loading class org/lwjgl/opengl/GL41C done
Event: 2.147 loading class org/lwjgl/opengl/GL40C
Event: 2.147 loading class org/lwjgl/opengl/GL40C done
Event: 2.149 loading class org/lwjgl/opengl/GL33C
Event: 2.149 loading class org/lwjgl/opengl/GL33C done
Event: 2.150 loading class org/lwjgl/opengl/GL32C
Event: 2.150 loading class org/lwjgl/opengl/GL32C done
Event: 2.150 loading class org/lwjgl/opengl/GL31C
Event: 2.150 loading class org/lwjgl/opengl/GL31C done


Dynamic libraries:
0x00007ff7c7600000 - 0x00007ff7c7637000 	C:\Program Files\Java\jre1.8.0_172\bin\javaw.exe
0x00007ff81ae20000 - 0x00007ff81b010000 	C:\WINDOWS\SYSTEM32\ntdll.dll
0x00007ff8192b0000 - 0x00007ff819362000 	C:\WINDOWS\System32\KERNEL32.DLL
0x00007ff818850000 - 0x00007ff818af4000 	C:\WINDOWS\System32\KERNELBASE.dll
0x00007ff81aad0000 - 0x00007ff81ab73000 	C:\WINDOWS\System32\ADVAPI32.dll
0x00007ff819030000 - 0x00007ff8190ce000 	C:\WINDOWS\System32\msvcrt.dll
0x00007ff8191a0000 - 0x00007ff819237000 	C:\WINDOWS\System32\sechost.dll
0x00007ff81a790000 - 0x00007ff81a8b0000 	C:\WINDOWS\System32\RPCRT4.dll
0x00007ff81a8b0000 - 0x00007ff81aa44000 	C:\WINDOWS\System32\USER32.dll
0x00007ff8187f0000 - 0x00007ff818811000 	C:\WINDOWS\System32\win32u.dll
0x00007ff8193a0000 - 0x00007ff8193c6000 	C:\WINDOWS\System32\GDI32.dll
0x00007ff818d30000 - 0x00007ff818ec6000 	C:\WINDOWS\System32\gdi32full.dll
0x00007ff818580000 - 0x00007ff81861e000 	C:\WINDOWS\System32\msvcp_win.dll
0x00007ff818c30000 - 0x00007ff818d2a000 	C:\WINDOWS\System32\ucrtbase.dll
0x00007fffff1f0000 - 0x00007fffff474000 	C:\WINDOWS\WinSxS\amd64_microsoft.windows.common-controls_6595b64144ccf1df_6.0.18362.959_none_e6c7bbbf130c62bb\COMCTL32.dll
0x00007ff8193f0000 - 0x00007ff819725000 	C:\WINDOWS\System32\combase.dll
0x00007ff818620000 - 0x00007ff8186a0000 	C:\WINDOWS\System32\bcryptPrimitives.dll
0x00007ff819370000 - 0x00007ff81939e000 	C:\WINDOWS\System32\IMM32.DLL
0x0000000073990000 - 0x0000000073a62000 	C:\Program Files\Java\jre1.8.0_172\bin\msvcr100.dll
0x0000000075e60000 - 0x0000000076703000 	C:\Program Files\Java\jre1.8.0_172\bin\server\jvm.dll
0x00007ff819190000 - 0x00007ff819198000 	C:\WINDOWS\System32\PSAPI.DLL
0x00007ff80f9e0000 - 0x00007ff80f9ea000 	C:\WINDOWS\SYSTEM32\VERSION.dll
0x00007fffecbd0000 - 0x00007fffecbd9000 	C:\WINDOWS\SYSTEM32\WSOCK32.dll
0x00007ff80e610000 - 0x00007ff80e634000 	C:\WINDOWS\SYSTEM32\WINMM.dll
0x00007ff81ad70000 - 0x00007ff81addf000 	C:\WINDOWS\System32\WS2_32.dll
0x00007ff80e3c0000 - 0x00007ff80e3ed000 	C:\WINDOWS\SYSTEM32\WINMMBASE.dll
0x00007ff818530000 - 0x00007ff81857a000 	C:\WINDOWS\System32\cfgmgr32.dll
0x0000000050080000 - 0x000000005008f000 	C:\Program Files\Java\jre1.8.0_172\bin\verify.dll
0x0000000050050000 - 0x0000000050079000 	C:\Program Files\Java\jre1.8.0_172\bin\java.dll
0x0000000050030000 - 0x0000000050046000 	C:\Program Files\Java\jre1.8.0_172\bin\zip.dll
0x00007ff81a0a0000 - 0x00007ff81a786000 	C:\WINDOWS\System32\SHELL32.dll
0x00007ff81acc0000 - 0x00007ff81ad69000 	C:\WINDOWS\System32\shcore.dll
0x00007ff817da0000 - 0x00007ff818522000 	C:\WINDOWS\System32\windows.storage.dll
0x00007ff817d50000 - 0x00007ff817d73000 	C:\WINDOWS\System32\profapi.dll
0x00007ff817d00000 - 0x00007ff817d4a000 	C:\WINDOWS\System32\powrprof.dll
0x00007ff817cd0000 - 0x00007ff817ce0000 	C:\WINDOWS\System32\UMPDC.dll
0x00007ff819130000 - 0x00007ff819182000 	C:\WINDOWS\System32\shlwapi.dll
0x00007ff817ce0000 - 0x00007ff817cf1000 	C:\WINDOWS\System32\kernel.appcore.dll
0x00007ff818b00000 - 0x00007ff818b17000 	C:\WINDOWS\System32\cryptsp.dll
0x0000000050010000 - 0x000000005002a000 	C:\Program Files\Java\jre1.8.0_172\bin\net.dll
0x00007ff817540000 - 0x00007ff8175a7000 	C:\WINDOWS\system32\mswsock.dll
0x00000000772e0000 - 0x00000000772f1000 	C:\Program Files\Java\jre1.8.0_172\bin\nio.dll
0x00007ffffdda0000 - 0x00007ffffde04000 	C:\Users\Lenovo\AppData\Local\Temp\lwjglLenovo\3.2.3-build-13\lwjgl.dll
0x00007ffffdd30000 - 0x00007ffffdd92000 	C:\Users\Lenovo\AppData\Local\Temp\lwjglLenovo\3.2.3-build-13\glfw.dll
0x00007ff815be0000 - 0x00007ff815c79000 	C:\WINDOWS\system32\uxtheme.dll
0x00007ffffd8e0000 - 0x00007ffffd923000 	C:\WINDOWS\SYSTEM32\dinput8.dll
0x00007ff8134a0000 - 0x00007ff8134b1000 	C:\WINDOWS\SYSTEM32\xinput1_4.dll
0x00007ff817ad0000 - 0x00007ff817afa000 	C:\WINDOWS\SYSTEM32\DEVOBJ.dll
0x00007ff8160f0000 - 0x00007ff81611d000 	C:\WINDOWS\SYSTEM32\dwmapi.dll
0x00007ff80c6c0000 - 0x00007ff80c7db000 	C:\WINDOWS\SYSTEM32\inputhost.dll
0x00007ff815800000 - 0x00007ff8158d4000 	C:\WINDOWS\SYSTEM32\CoreMessaging.dll
0x00007ff813e80000 - 0x00007ff813fd3000 	C:\WINDOWS\SYSTEM32\wintypes.dll
0x00007ff816780000 - 0x00007ff816870000 	C:\WINDOWS\SYSTEM32\PROPSYS.dll
0x00007ff80ca70000 - 0x00007ff80cd9a000 	C:\WINDOWS\SYSTEM32\CoreUIComponents.dll
0x00007ff8198e0000 - 0x00007ff8199a5000 	C:\WINDOWS\System32\OLEAUT32.dll
0x00007ff816d30000 - 0x00007ff816d61000 	C:\WINDOWS\SYSTEM32\ntmarta.dll
0x00007ff819a10000 - 0x00007ff819b45000 	C:\WINDOWS\System32\MSCTF.dll
0x00007ff8168e0000 - 0x00007ff8168ee000 	C:\WINDOWS\SYSTEM32\HID.DLL
0x00007ff819b50000 - 0x00007ff819fc0000 	C:\WINDOWS\System32\SETUPAPI.DLL
0x00007ff818820000 - 0x00007ff818846000 	C:\WINDOWS\System32\bcrypt.dll
0x00007ff818bd0000 - 0x00007ff818c2c000 	C:\WINDOWS\System32\WINTRUST.dll
0x00007ff817d80000 - 0x00007ff817d92000 	C:\WINDOWS\System32\MSASN1.dll
0x00007ff8186a0000 - 0x00007ff8187e9000 	C:\WINDOWS\System32\CRYPT32.dll
0x00007fffc5f20000 - 0x00007fffc6173000 	C:\Users\Lenovo\AppData\Local\Temp\lwjglLenovo\3.2.3-build-13\jemalloc.dll
0x00007ffff2500000 - 0x00007ffff2656000 	C:\WINDOWS\SYSTEM32\opengl32.dll
0x00007ffff2f70000 - 0x00007ffff2f9c000 	C:\WINDOWS\SYSTEM32\GLU32.dll
0x00007ff816940000 - 0x00007ff816960000 	C:\WINDOWS\SYSTEM32\dxcore.dll
0x00007fffb2220000 - 0x00007fffb310e000 	C:\WINDOWS\System32\DriverStore\FileRepository\igdlh64.inf_amd64_d5877a2e0e6374b6\ig9icd64.dll
0x00007ff8169d0000 - 0x00007ff816abb000 	C:\WINDOWS\SYSTEM32\dxgi.dll
0x00007ff806040000 - 0x00007ff807f41000 	C:\WINDOWS\System32\DriverStore\FileRepository\igdlh64.inf_amd64_d5877a2e0e6374b6\igc64.dll
0x00007ffffd350000 - 0x00007ffffd3a9000 	C:\Users\Lenovo\AppData\Local\Temp\lwjglLenovo\3.2.3-build-13\lwjgl_opengl.dll
0x00007ff80c7e0000 - 0x00007ff80c87e000 	C:\WINDOWS\System32\TextInputFramework.dll
0x00007ff80d640000 - 0x00007ff80d8e6000 	C:\WINDOWS\System32\iertutil.dll
0x00007ff80f710000 - 0x00007ff80f775000 	C:\WINDOWS\system32\Oleacc.dll
0x00000000737f0000 - 0x0000000073989000 	C:\Program Files\Java\jre1.8.0_172\bin\awt.dll
0x00007ff815ae0000 - 0x00007ff815b6f000 	C:\WINDOWS\SYSTEM32\apphelp.dll
0x00007ff816580000 - 0x00007ff816774000 	C:\WINDOWS\SYSTEM32\dbghelp.dll

VM Arguments:
jvm_args: -Dfile.encoding=Cp1252 
java_command: Engine.Main
java_class_path (initial): D:\projects\workspace\UnderwaterWorld\bin;D:\projects\workspace\UnderwaterWorld\library\lwjgl\lwjgl-javadoc.jar;D:\projects\workspace\UnderwaterWorld\library\lwjgl\lwjgl-natives-linux-arm32.jar;D:\projects\workspace\UnderwaterWorld\library\lwjgl\lwjgl-natives-linux-arm64.jar;D:\projects\workspace\UnderwaterWorld\library\lwjgl\lwjgl-natives-linux.jar;D:\projects\workspace\UnderwaterWorld\library\lwjgl\lwjgl-natives-macos.jar;D:\projects\workspace\UnderwaterWorld\library\lwjgl\lwjgl-natives-windows-x86.jar;D:\projects\workspace\UnderwaterWorld\library\lwjgl\lwjgl-natives-windows.jar;D:\projects\workspace\UnderwaterWorld\library\lwjgl\lwjgl-sources.jar;D:\projects\workspace\UnderwaterWorld\library\lwjgl\lwjgl.jar;D:\projects\workspace\UnderwaterWorld\library\lwjgl-assimp\lwjgl-assimp-javadoc.jar;D:\projects\workspace\UnderwaterWorld\library\lwjgl-assimp\lwjgl-assimp-natives-linux-arm32.jar;D:\projects\workspace\UnderwaterWorld\library\lwjgl-assimp\lwjgl-assimp-natives-linux-arm64.jar;D:\projects\workspace\UnderwaterWorld\library\lwjgl-assimp\lwjgl-assimp-natives-linux.jar;D:\projects\workspace\UnderwaterWorld\library\lwjgl-assimp\lwjgl-assimp-natives-macos.jar;D:\projects\workspace\UnderwaterWorld\library\lwjgl-assimp\lwjgl-assimp-natives-windows-x86.jar;D:\projects\workspace\UnderwaterWorld\library\lwjgl-assimp\lwjgl-assimp-natives-windows.jar;D:\projects\workspace\UnderwaterWorld\library\lwjgl-assimp\lwjgl-assimp-sources.jar;D:\projects\workspace\UnderwaterWorld\library\lwjgl-assimp\lwjgl-assimp.jar;D:\projects\workspace\UnderwaterWorld\library\lwjgl-bgfx\lwjgl-bgfx-javadoc.jar;D:\projects\workspace\UnderwaterWorld\library\lwjgl-bgfx\lwjgl-bgfx-natives-linux-arm32.jar;D:\projects\workspace\UnderwaterWorld\library\lwjgl-bgfx\lwjgl-bgfx-natives-linux-arm64.jar;D:\projects\workspace\UnderwaterWorld\library\lwjgl-bgfx\lwjgl-bgfx-natives-linux.jar;D:\projects\workspace\UnderwaterWorld\library\lwjgl-bgfx\lwjgl-bgfx-natives-macos.jar;D:\projects
Launcher Type: SUN_STANDARD

Environment Variables:
PATH=C:/Program Files/Java/jre1.8.0_172/bin/server;C:/Program Files/Java/jre1.8.0_172/bin;C:/Program Files/Java/jre1.8.0_172/lib/amd64;C:\Program Files (x86)\Common Files\Oracle\Java\javapath;C:\Program Files (x86)\Intel\Intel(R) Management Engine Components\iCLS\;C:\Program Files\Intel\Intel(R) Management Engine Components\iCLS\;C:\Windows\system32;C:\Windows;C:\Windows\System32\Wbem;C:\Windows\System32\WindowsPowerShell\v1.0\;C:\Program Files (x86)\Intel\Intel(R) Management Engine Components\DAL;C:\Program Files\Intel\Intel(R) Management Engine Components\DAL;C:\Program Files (x86)\Intel\Intel(R) Management Engine Components\IPT;C:\Program Files\Intel\Intel(R) Management Engine Components\IPT;C:\Program Files (x86)\NVIDIA Corporation\PhysX\Common;C:\WINDOWS\system32;C:\WINDOWS;C:\WINDOWS\System32\Wbem;C:\WINDOWS\System32\WindowsPowerShell\v1.0\;C:\WINDOWS\System32\OpenSSH\;C:\Program Files (x86)\QuickTime\QTSystem\;C:\Users\Lenovo\AppData\Local\Programs\Python\Python38-32\Scripts\;C:\Users\Lenovo\AppData\Local\Programs\Python\Python38-32\;C:\Users\Lenovo\AppData\Local\Microsoft\WindowsApps;;D:\projects\eclipse;
USERNAME=Lenovo
OS=Windows_NT
PROCESSOR_IDENTIFIER=Intel64 Family 6 Model 142 Stepping 10, GenuineIntel



---------------  S Y S T E M  ---------------

OS: Windows 10.0 , 64 bit Build 18362 (10.0.18362.959)

CPU:total 8 (initial active 8) (4 cores per cpu, 2 threads per core) family 6 model 142 stepping 10, cmov, cx8, fxsr, mmx, sse, sse2, sse3, ssse3, sse4.1, sse4.2, popcnt, avx, avx2, aes, clmul, erms, 3dnowpref, lzcnt, ht, tsc, tscinvbit, bmi1, bmi2, adx

Memory: 4k page, physical 8251788k(1596472k free), swap 18213260k(5955432k free)

vm_info: Java HotSpot(TM) 64-Bit Server VM (25.172-b11) for windows-amd64 JRE (1.8.0_172-b11), built on Mar 28 2018 21:21:52 by "java_re" with MS VC++ 10.0 (VS2010)

time: Tue Jul 21 20:35:37 2020
elapsed time: 2 seconds (0d 0h 0m 2s)

